<?xml version="1.0" encoding="UTF-8"?>
<!-- Generated by org.testng.reporters.JUnitReportReporter -->
<testsuite skipped="0" hostname="LAPTOP-HAF7C5JK" name="testClasses.TC01_Login" tests="1" failures="0" timestamp="2022-03-08T09:29:33 IST" time="0.012" errors="0">
  <testcase name="TC01" time="0.012" classname="testClasses.TC01_Login"/>
  <system-out>
    <![CDATA[Testcase 1 passed]]>
  </system-out>
</testsuite> <!-- testClasses.TC01_Login -->
