<?xml version="1.0" encoding="UTF-8"?>
<!-- Generated by org.testng.reporters.JUnitReportReporter -->
<testsuite skipped="0" hostname="LAPTOP-HAF7C5JK" name="testClasses.Screenshot" tests="1" failures="0" timestamp="2022-03-11T12:58:07 IST" time="3.438" errors="0">
  <testcase name="TC01" time="3.438" classname="testClasses.Screenshot"/>
  <system-out/>
</testsuite> <!-- testClasses.Screenshot -->
